<?xml version="1.0" encoding="UTF-8"?>
<testng-results ignored="0" total="1" passed="1" failed="0" skipped="0">
  <reporter-output>
  </reporter-output>
  <suite started-at="2019-07-22T07:45:13Z" name="Default suite" finished-at="2019-07-22T07:45:32Z" duration-ms="18695">
    <groups>
    </groups>
    <test started-at="2019-07-22T07:45:13Z" name="Default test" finished-at="2019-07-22T07:45:32Z" duration-ms="18695">
      <class name="test.Transaction_Test">
        <test-method signature="transaction_test()[pri:0, instance:test.Transaction_Test@5ad851c9]" started-at="2019-07-22T07:45:13Z" name="transaction_test" finished-at="2019-07-22T07:45:32Z" duration-ms="18664" status="PASS">
          <reporter-output>
          </reporter-output>
        </test-method> <!-- transaction_test -->
      </class> <!-- test.Transaction_Test -->
    </test> <!-- Default test -->
  </suite> <!-- Default suite -->
</testng-results>
